<?xml version="1.0" encoding="UTF-8"?>
<testng-results total="1" passed="1" failed="0" skipped="0">
  <reporter-output>
  </reporter-output>
  <suite started-at="2020-10-12T06:49:45Z" name="Default suite" finished-at="2020-10-12T06:49:57Z" duration-ms="12387">
    <groups>
    </groups>
    <test started-at="2020-10-12T06:49:45Z" name="Default test" finished-at="2020-10-12T06:49:57Z" duration-ms="12387">
      <class name="appium.test.apk.TestRccClient">
        <test-method is-config="true" signature="setupEnvironment()[pri:0, instance:appium.test.apk.TestRccClient@4f74980d]" started-at="2020-10-12T08:49:45Z" name="setupEnvironment" finished-at="2020-10-12T08:49:55Z" duration-ms="9918" status="PASS">
          <reporter-output>
          </reporter-output>
        </test-method> <!-- setupEnvironment -->
        <test-method signature="testLoginCase()[pri:0, instance:appium.test.apk.TestRccClient@4f74980d]" started-at="2020-10-12T08:49:55Z" name="testLoginCase" finished-at="2020-10-12T08:49:57Z" duration-ms="2453" status="PASS">
          <reporter-output>
          </reporter-output>
        </test-method> <!-- testLoginCase -->
        <test-method is-config="true" signature="teardown()[pri:0, instance:appium.test.apk.TestRccClient@4f74980d]" started-at="2020-10-12T08:49:57Z" name="teardown" finished-at="2020-10-12T08:49:57Z" duration-ms="0" status="PASS">
          <reporter-output>
          </reporter-output>
        </test-method> <!-- teardown -->
      </class> <!-- appium.test.apk.TestRccClient -->
    </test> <!-- Default test -->
  </suite> <!-- Default suite -->
</testng-results>
